<?xml version="1.0" encoding="UTF-8"?>
<!-- Generated by org.testng.reporters.JUnitXMLReporter -->
<testsuite hostname="Ashwin" ignored="0" name="Techlistic BBD" tests="3" failures="0" timestamp="2020-08-21T12:48:14 IST" time="150.079" errors="0">
  <testcase name="runScenario" time="84.563" classname="io.cucumber.testng.AbstractTestNGCucumberTests"/>
  <testcase name="runScenario" time="35.504" classname="io.cucumber.testng.AbstractTestNGCucumberTests"/>
  <testcase name="runScenario" time="24.534" classname="io.cucumber.testng.AbstractTestNGCucumberTests"/>
</testsuite> <!-- Techlistic BBD -->
