<?xml version="1.0" encoding="UTF-8"?>
<!-- Generated by org.testng.reporters.JUnitXMLReporter -->
<testsuite hostname="Ashwin" ignored="0" name="Techlistic BBD" tests="3" failures="1" timestamp="2020-08-20T16:42:42 IST" time="137.468" errors="0">
  <testcase name="runScenario" time="77.549" classname="io.cucumber.testng.AbstractTestNGCucumberTests"/>
  <testcase name="runScenario" time="32.825" classname="io.cucumber.testng.AbstractTestNGCucumberTests">
    <failure type="org.junit.ComparisonFailure" message="Error occured while product checkout expected:&amp;lt;[Order] - My Store&amp;gt; but was:&amp;lt;[Login] - My Store&amp;gt;">
      <![CDATA[org.junit.ComparisonFailure: Error occured while product checkout expected:<[Order] - My Store> but was:<[Login] - My Store>
at org.junit.Assert.assertEquals(Assert.java:117)
at stepDefinitions.PlaceAnOrderStepDefinition.user_should_see_sign_in_tab(PlaceAnOrderStepDefinition.java:133)
at ✽.User should see Sign in tab(file:///F:/eclipse-workspace/techlisticBDDTestNG/src/main/java/Features/PlaceAnOrder.feature:26)
]]>
    </failure>
  </testcase> <!-- runScenario -->
  <testcase name="runScenario" time="23.671" classname="io.cucumber.testng.AbstractTestNGCucumberTests"/>
</testsuite> <!-- Techlistic BBD -->
