<?xml version="1.0" encoding="UTF-8"?>
<testng-results skipped="0" failed="0" ignored="0" total="3" passed="3">
  <reporter-output>
  </reporter-output>
  <suite name="Techlistic BBD TestNG" duration-ms="150079" started-at="2020-08-21T12:45:43 IST" finished-at="2020-08-21T12:48:14 IST">
    <groups>
      <group name="cucumber">
        <method signature="AbstractTestNGCucumberTests.runScenario(io.cucumber.testng.PickleWrapper, io.cucumber.testng.FeatureWrapper)[pri:0, instance:testRunner.TestRunner@6536e911]" name="runScenario" class="io.cucumber.testng.AbstractTestNGCucumberTests"/>
      </group> <!-- cucumber -->
    </groups>
    <test name="Techlistic BBD" duration-ms="150079" started-at="2020-08-21T12:45:43 IST" finished-at="2020-08-21T12:48:14 IST">
      <class name="testRunner.TestRunner">
        <test-method status="PASS" signature="setUpClass()[pri:0, instance:testRunner.TestRunner@6536e911]" name="setUpClass" is-config="true" duration-ms="3965" started-at="2020-08-21T12:45:44 IST" finished-at="2020-08-21T12:45:48 IST">
          <reporter-output>
          </reporter-output>
        </test-method> <!-- setUpClass -->
        <test-method status="PASS" signature="runScenario(io.cucumber.testng.PickleWrapper, io.cucumber.testng.FeatureWrapper)[pri:0, instance:testRunner.TestRunner@6536e911]" name="runScenario" duration-ms="84563" started-at="2020-08-21T12:45:48 IST" description="Runs Cucumber Scenarios" data-provider="scenarios" finished-at="2020-08-21T12:47:12 IST">
          <params>
            <param index="0">
              <value>
                <![CDATA["Automate End to End Buy Order functionality"]]>
              </value>
            </param>
            <param index="1">
              <value>
                <![CDATA["Optional[Place an Order in Techlistic]"]]>
              </value>
            </param>
          </params>
          <reporter-output>
          </reporter-output>
        </test-method> <!-- runScenario -->
        <test-method status="PASS" signature="runScenario(io.cucumber.testng.PickleWrapper, io.cucumber.testng.FeatureWrapper)[pri:0, instance:testRunner.TestRunner@6536e911]" name="runScenario" duration-ms="35504" started-at="2020-08-21T12:47:12 IST" description="Runs Cucumber Scenarios" data-provider="scenarios" finished-at="2020-08-21T12:47:48 IST">
          <params>
            <param index="0">
              <value>
                <![CDATA["Verify that 'Add to Cart' ."]]>
              </value>
            </param>
            <param index="1">
              <value>
                <![CDATA["Optional[Place an Order in Techlistic]"]]>
              </value>
            </param>
          </params>
          <reporter-output>
          </reporter-output>
        </test-method> <!-- runScenario -->
        <test-method status="PASS" signature="runScenario(io.cucumber.testng.PickleWrapper, io.cucumber.testng.FeatureWrapper)[pri:0, instance:testRunner.TestRunner@6536e911]" name="runScenario" duration-ms="24534" started-at="2020-08-21T12:47:48 IST" description="Runs Cucumber Scenarios" data-provider="scenarios" finished-at="2020-08-21T12:48:12 IST">
          <params>
            <param index="0">
              <value>
                <![CDATA["Verify that 'Add to WishList' only works after login."]]>
              </value>
            </param>
            <param index="1">
              <value>
                <![CDATA["Optional[Place an Order in Techlistic]"]]>
              </value>
            </param>
          </params>
          <reporter-output>
          </reporter-output>
        </test-method> <!-- runScenario -->
        <test-method status="PASS" signature="tearDownClass()[pri:0, instance:testRunner.TestRunner@6536e911]" name="tearDownClass" is-config="true" duration-ms="1353" started-at="2020-08-21T12:48:12 IST" finished-at="2020-08-21T12:48:14 IST">
          <reporter-output>
          </reporter-output>
        </test-method> <!-- tearDownClass -->
      </class> <!-- testRunner.TestRunner -->
    </test> <!-- Techlistic BBD -->
  </suite> <!-- Techlistic BBD TestNG -->
</testng-results>
