<?xml version="1.0" encoding="UTF-8"?>
<testng-results skipped="0" failed="1" ignored="0" total="3" passed="2">
  <reporter-output>
  </reporter-output>
  <suite name="Techlistic BBD TestNG" duration-ms="137468" started-at="2020-08-20T16:40:24 IST" finished-at="2020-08-20T16:42:42 IST">
    <groups>
      <group name="cucumber">
        <method signature="AbstractTestNGCucumberTests.runScenario(io.cucumber.testng.PickleWrapper, io.cucumber.testng.FeatureWrapper)[pri:0, instance:testRunner.TestRunner@467aecef]" name="runScenario" class="io.cucumber.testng.AbstractTestNGCucumberTests"/>
      </group> <!-- cucumber -->
    </groups>
    <test name="Techlistic BBD" duration-ms="137468" started-at="2020-08-20T16:40:24 IST" finished-at="2020-08-20T16:42:42 IST">
      <class name="testRunner.TestRunner">
        <test-method status="PASS" signature="setUpClass()[pri:0, instance:testRunner.TestRunner@467aecef]" name="setUpClass" is-config="true" duration-ms="676" started-at="2020-08-20T16:40:24 IST" finished-at="2020-08-20T16:40:25 IST">
          <reporter-output>
          </reporter-output>
        </test-method> <!-- setUpClass -->
        <test-method status="PASS" signature="runScenario(io.cucumber.testng.PickleWrapper, io.cucumber.testng.FeatureWrapper)[pri:0, instance:testRunner.TestRunner@467aecef]" name="runScenario" duration-ms="77549" started-at="2020-08-20T16:40:25 IST" description="Runs Cucumber Scenarios" data-provider="scenarios" finished-at="2020-08-20T16:41:43 IST">
          <params>
            <param index="0">
              <value>
                <![CDATA["Automate End to End Buy Order functionality"]]>
              </value>
            </param>
            <param index="1">
              <value>
                <![CDATA["Optional[Place an Order in Techlistic]"]]>
              </value>
            </param>
          </params>
          <reporter-output>
          </reporter-output>
        </test-method> <!-- runScenario -->
        <test-method status="FAIL" signature="runScenario(io.cucumber.testng.PickleWrapper, io.cucumber.testng.FeatureWrapper)[pri:0, instance:testRunner.TestRunner@467aecef]" name="runScenario" duration-ms="32825" started-at="2020-08-20T16:41:43 IST" description="Runs Cucumber Scenarios" data-provider="scenarios" finished-at="2020-08-20T16:42:16 IST">
          <params>
            <param index="0">
              <value>
                <![CDATA["Verify that 'Add to Cart' ."]]>
              </value>
            </param>
            <param index="1">
              <value>
                <![CDATA["Optional[Place an Order in Techlistic]"]]>
              </value>
            </param>
          </params>
          <exception class="org.junit.ComparisonFailure">
            <message>
              <![CDATA[Error occured while product checkout expected:<[Order] - My Store> but was:<[Login] - My Store>]]>
            </message>
            <full-stacktrace>
              <![CDATA[org.junit.ComparisonFailure: Error occured while product checkout expected:<[Order] - My Store> but was:<[Login] - My Store>
at org.junit.Assert.assertEquals(Assert.java:117)
at stepDefinitions.PlaceAnOrderStepDefinition.user_should_see_sign_in_tab(PlaceAnOrderStepDefinition.java:133)
at ✽.User should see Sign in tab(file:///F:/eclipse-workspace/techlisticBDDTestNG/src/main/java/Features/PlaceAnOrder.feature:26)
]]>
            </full-stacktrace>
          </exception> <!-- org.junit.ComparisonFailure -->
          <reporter-output>
          </reporter-output>
        </test-method> <!-- runScenario -->
        <test-method status="PASS" signature="runScenario(io.cucumber.testng.PickleWrapper, io.cucumber.testng.FeatureWrapper)[pri:0, instance:testRunner.TestRunner@467aecef]" name="runScenario" duration-ms="23671" started-at="2020-08-20T16:42:16 IST" description="Runs Cucumber Scenarios" data-provider="scenarios" finished-at="2020-08-20T16:42:39 IST">
          <params>
            <param index="0">
              <value>
                <![CDATA["Verify that 'Add to WishList' only works after login."]]>
              </value>
            </param>
            <param index="1">
              <value>
                <![CDATA["Optional[Place an Order in Techlistic]"]]>
              </value>
            </param>
          </params>
          <reporter-output>
          </reporter-output>
        </test-method> <!-- runScenario -->
        <test-method status="PASS" signature="tearDownClass()[pri:0, instance:testRunner.TestRunner@467aecef]" name="tearDownClass" is-config="true" duration-ms="2640" started-at="2020-08-20T16:42:39 IST" finished-at="2020-08-20T16:42:42 IST">
          <reporter-output>
          </reporter-output>
        </test-method> <!-- tearDownClass -->
      </class> <!-- testRunner.TestRunner -->
    </test> <!-- Techlistic BBD -->
  </suite> <!-- Techlistic BBD TestNG -->
</testng-results>
