<?xml version="1.0" encoding="UTF-8"?>
<!-- Generated by org.testng.reporters.JUnitReportReporter -->
<testsuite skipped="0" hostname="Ashwin" name="testRunner.TestRunner" tests="3" failures="1" timestamp="2020-08-20T16:42:43 IST" time="134.045" errors="0">
  <testcase name="runScenario" time="77.549" classname="testRunner.TestRunner"/>
  <system-out/>
  <testcase name="runScenario" time="23.671" classname="testRunner.TestRunner"/>
  <system-out/>
  <testcase name="runScenario" time="32.825" classname="testRunner.TestRunner">
    <failure type="org.junit.ComparisonFailure" message="Error occured while product checkout expected:&lt;[Order] - My Store&gt; but was:&lt;[Login] - My Store&gt;">
      <![CDATA[org.junit.ComparisonFailure: Error occured while product checkout expected:<[Order] - My Store> but was:<[Login] - My Store>
at org.junit.Assert.assertEquals(Assert.java:117)
at stepDefinitions.PlaceAnOrderStepDefinition.user_should_see_sign_in_tab(PlaceAnOrderStepDefinition.java:133)
at ✽.User should see Sign in tab(file:///F:/eclipse-workspace/techlisticBDDTestNG/src/main/java/Features/PlaceAnOrder.feature:26)
]]>
    </failure>
  </testcase> <!-- runScenario -->
  <system-out/>
</testsuite> <!-- testRunner.TestRunner -->
